# JRE version: Java(TM) SE Runtime Environment (21.0.7+8) (build 21.0.7+8-LTS-245)
# Java VM: Java HotSpot(TM) 64-Bit Server VM (21.0.7+8-LTS-245, mixed mode, sharing, tiered, compressed oops, compressed class ptrs, g1 gc, windows-amd64)
GC Precious Log:
 CardTable entry size: 512
 Card Set container configuration: InlinePtr #cards 4 size 8 Array Of Cards #cards 32 size 80 Howl #buckets 8 coarsen threshold 7372 Howl Bitmap #cards 1024 size 144 coarsen threshold 921 Card regions per heap region 1 cards per card region 8192
 CPUs: 16 total, 16 available
 Memory: 31861M
 Large Page Support: Disabled
 NUMA Support: Disabled
 Compressed Oops: Enabled (Zero based)
 Heap Region Size: 4M
 Heap Min Capacity: 8M
 Heap Initial Capacity: 500M
 Heap Max Capacity: 7968M
 Pre-touch: Disabled
 Parallel Workers: 13
 Concurrent Workers: 3
 Concurrent Refinement Workers: 13
 Periodic GC: Disabled
Heap:
 garbage-first heap   total 81920K, used 43706K [0x000000060e000000, 0x0000000800000000)
  region size 4096K, 4 young (16384K), 2 survivors (8192K)
 Metaspace       used 82846K, committed 83712K, reserved 1179648K
  class space    used 10811K, committed 11200K, reserved 1048576K
GC Heap History (20 events):
Event: 5.339 GC heap before
{Heap before GC invocations=12 (full 0):
 garbage-first heap   total 81920K, used 62240K [0x000000060e000000, 0x0000000800000000)
  region size 4096K, 11 young (45056K), 2 survivors (8192K)
 Metaspace       used 67053K, committed 67648K, reserved 1114112K
  class space    used 9115K, committed 9408K, reserved 1048576K
}
Event: 5.341 GC heap after
{Heap after GC invocations=13 (full 0):
 garbage-first heap   total 81920K, used 28374K [0x000000060e000000, 0x0000000800000000)
  region size 4096K, 2 young (8192K), 2 survivors (8192K)
 Metaspace       used 67053K, committed 67648K, reserved 1114112K
  class space    used 9115K, committed 9408K, reserved 1048576K
}
Event: 6.346 GC heap before
{Heap before GC invocations=13 (full 0):
 garbage-first heap   total 81920K, used 65238K [0x000000060e000000, 0x0000000800000000)
  region size 4096K, 11 young (45056K), 2 survivors (8192K)
 Metaspace       used 72978K, committed 73664K, reserved 1114112K
  class space    used 9933K, committed 10240K, reserved 1048576K
}
Event: 6.349 GC heap after
{Heap after GC invocations=14 (full 0):
 garbage-first heap   total 81920K, used 32290K [0x000000060e000000, 0x0000000800000000)
  region size 4096K, 2 young (8192K), 2 survivors (8192K)
 Metaspace       used 72978K, committed 73664K, reserved 1114112K
  class space    used 9933K, committed 10240K, reserved 1048576K
}
Event: 447.527 GC heap before
{Heap before GC invocations=14 (full 0):
 garbage-first heap   total 81920K, used 65058K [0x000000060e000000, 0x0000000800000000)
  region size 4096K, 10 young (40960K), 2 survivors (8192K)
 Metaspace       used 77762K, committed 78464K, reserved 1179648K
  class space    used 10516K, committed 10816K, reserved 1048576K
}
Event: 447.530 GC heap after
{Heap after GC invocations=15 (full 0):
 garbage-first heap   total 81920K, used 33492K [0x000000060e000000, 0x0000000800000000)
  region size 4096K, 2 young (8192K), 2 survivors (8192K)
 Metaspace       used 77762K, committed 78464K, reserved 1179648K
  class space    used 10516K, committed 10816K, reserved 1048576K
}
Event: 775.826 GC heap before
{Heap before GC invocations=15 (full 0):
 garbage-first heap   total 81920K, used 66260K [0x000000060e000000, 0x0000000800000000)
  region size 4096K, 10 young (40960K), 2 survivors (8192K)
 Metaspace       used 79881K, committed 80640K, reserved 1179648K
  class space    used 10650K, committed 11008K, reserved 1048576K
}
Event: 775.828 GC heap after
{Heap after GC invocations=16 (full 0):
 garbage-first heap   total 81920K, used 35574K [0x000000060e000000, 0x0000000800000000)
  region size 4096K, 1 young (4096K), 1 survivors (4096K)
 Metaspace       used 79881K, committed 80640K, reserved 1179648K
  class space    used 10650K, committed 11008K, reserved 1048576K
}
Event: 1095.730 GC heap before
{Heap before GC invocations=16 (full 0):
 garbage-first heap   total 81920K, used 51958K [0x000000060e000000, 0x0000000800000000)
  region size 4096K, 6 young (24576K), 1 survivors (4096K)
 Metaspace       used 80708K, committed 81472K, reserved 1179648K
  class space    used 10684K, committed 11008K, reserved 1048576K
}
Event: 1095.773 GC heap after
{Heap after GC invocations=17 (full 1):
 garbage-first heap   total 81920K, used 28855K [0x000000060e000000, 0x0000000800000000)
  region size 4096K, 0 young (0K), 0 survivors (0K)
 Metaspace       used 80708K, committed 81472K, reserved 1179648K
  class space    used 10684K, committed 11008K, reserved 1048576K
}
Event: 1096.062 GC heap before
{Heap before GC invocations=17 (full 1):
 garbage-first heap   total 81920K, used 61623K [0x000000060e000000, 0x0000000800000000)
  region size 4096K, 9 young (36864K), 0 survivors (0K)
 Metaspace       used 80985K, committed 81856K, reserved 1179648K
  class space    used 10695K, committed 11072K, reserved 1048576K
}
Event: 1096.063 GC heap after
{Heap after GC invocations=18 (full 1):
 garbage-first heap   total 81920K, used 32711K [0x000000060e000000, 0x0000000800000000)
  region size 4096K, 1 young (4096K), 1 survivors (4096K)
 Metaspace       used 80985K, committed 81856K, reserved 1179648K
  class space    used 10695K, committed 11072K, reserved 1048576K
}
Event: 1099.827 GC heap before
{Heap before GC invocations=18 (full 1):
 garbage-first heap   total 81920K, used 61383K [0x000000060e000000, 0x0000000800000000)
  region size 4096K, 9 young (36864K), 1 survivors (4096K)
 Metaspace       used 81551K, committed 82304K, reserved 1179648K
  class space    used 10747K, committed 11072K, reserved 1048576K
}
Event: 1099.829 GC heap after
{Heap after GC invocations=19 (full 1):
 garbage-first heap   total 81920K, used 34757K [0x000000060e000000, 0x0000000800000000)
  region size 4096K, 2 young (8192K), 2 survivors (8192K)
 Metaspace       used 81551K, committed 82304K, reserved 1179648K
  class space    used 10747K, committed 11072K, reserved 1048576K
}
Event: 1103.506 GC heap before
{Heap before GC invocations=19 (full 1):
 garbage-first heap   total 81920K, used 59333K [0x000000060e000000, 0x0000000800000000)
  region size 4096K, 9 young (36864K), 2 survivors (8192K)
 Metaspace       used 81969K, committed 82752K, reserved 1179648K
  class space    used 10761K, committed 11136K, reserved 1048576K
}
Event: 1103.507 GC heap after
{Heap after GC invocations=20 (full 1):
 garbage-first heap   total 81920K, used 33330K [0x000000060e000000, 0x0000000800000000)
  region size 4096K, 1 young (4096K), 1 survivors (4096K)
 Metaspace       used 81969K, committed 82752K, reserved 1179648K
  class space    used 10761K, committed 11136K, reserved 1048576K
}
Event: 1103.700 GC heap before
{Heap before GC invocations=20 (full 1):
 garbage-first heap   total 81920K, used 66098K [0x000000060e000000, 0x0000000800000000)
  region size 4096K, 9 young (36864K), 1 survivors (4096K)
 Metaspace       used 82166K, committed 83008K, reserved 1179648K
  class space    used 10772K, committed 11136K, reserved 1048576K
}
Event: 1103.702 GC heap after
{Heap after GC invocations=21 (full 1):
 garbage-first heap   total 81920K, used 36109K [0x000000060e000000, 0x0000000800000000)
  region size 4096K, 1 young (4096K), 1 survivors (4096K)
 Metaspace       used 82166K, committed 83008K, reserved 1179648K
  class space    used 10772K, committed 11136K, reserved 1048576K
}
Event: 1103.933 GC heap before
{Heap before GC invocations=21 (full 1):
 garbage-first heap   total 81920K, used 64781K [0x000000060e000000, 0x0000000800000000)
  region size 4096K, 9 young (36864K), 1 survivors (4096K)
 Metaspace       used 82827K, committed 83648K, reserved 1179648K
  class space    used 10808K, committed 11200K, reserved 1048576K
}
Event: 1103.935 GC heap after
{Heap after GC invocations=22 (full 1):
 garbage-first heap   total 81920K, used 39610K [0x000000060e000000, 0x0000000800000000)
  region size 4096K, 2 young (8192K), 2 survivors (8192K)
 Metaspace       used 82827K, committed 83648K, reserved 1179648K
  class space    used 10808K, committed 11200K, reserved 1048576K
}

