# JRE version: Java(TM) SE Runtime Environment (21.0.7+8) (build 21.0.7+8-LTS-245)
# Java VM: Java HotSpot(TM) 64-Bit Server VM (21.0.7+8-LTS-245, mixed mode, sharing, tiered, compressed oops, compressed class ptrs, g1 gc, windows-amd64)
GC Precious Log:
 CardTable entry size: 512
 Card Set container configuration: InlinePtr #cards 4 size 8 Array Of Cards #cards 32 size 80 Howl #buckets 8 coarsen threshold 7372 Howl Bitmap #cards 1024 size 144 coarsen threshold 921 Card regions per heap region 1 cards per card region 8192
 CPUs: 16 total, 16 available
 Memory: 31861M
 Large Page Support: Disabled
 NUMA Support: Disabled
 Compressed Oops: Enabled (Zero based)
 Heap Region Size: 4M
 Heap Min Capacity: 8M
 Heap Initial Capacity: 500M
 Heap Max Capacity: 7968M
 Pre-touch: Disabled
 Parallel Workers: 13
 Concurrent Workers: 3
 Concurrent Refinement Workers: 13
 Periodic GC: Disabled
Heap:
 garbage-first heap   total 81920K, used 54270K [0x000000060e000000, 0x0000000800000000)
  region size 4096K, 7 young (28672K), 1 survivors (4096K)
 Metaspace       used 81369K, committed 82176K, reserved 1179648K
  class space    used 10521K, committed 10880K, reserved 1048576K
GC Heap History (20 events):
Event: 6.103 GC heap before
{Heap before GC invocations=13 (full 0):
 garbage-first heap   total 81920K, used 65284K [0x000000060e000000, 0x0000000800000000)
  region size 4096K, 11 young (45056K), 2 survivors (8192K)
 Metaspace       used 73403K, committed 74176K, reserved 1114112K
  class space    used 9989K, committed 10368K, reserved 1048576K
}
Event: 6.106 GC heap after
{Heap after GC invocations=14 (full 0):
 garbage-first heap   total 81920K, used 31723K [0x000000060e000000, 0x0000000800000000)
  region size 4096K, 2 young (8192K), 2 survivors (8192K)
 Metaspace       used 73403K, committed 74176K, reserved 1114112K
  class space    used 9989K, committed 10368K, reserved 1048576K
}
Event: 182.103 GC heap before
{Heap before GC invocations=14 (full 0):
 garbage-first heap   total 81920K, used 64491K [0x000000060e000000, 0x0000000800000000)
  region size 4096K, 10 young (40960K), 2 survivors (8192K)
 Metaspace       used 78808K, committed 79488K, reserved 1179648K
  class space    used 10515K, committed 10816K, reserved 1048576K
}
Event: 182.105 GC heap after
{Heap after GC invocations=15 (full 0):
 garbage-first heap   total 81920K, used 33419K [0x000000060e000000, 0x0000000800000000)
  region size 4096K, 2 young (8192K), 2 survivors (8192K)
 Metaspace       used 78808K, committed 79488K, reserved 1179648K
  class space    used 10515K, committed 10816K, reserved 1048576K
}
Event: 193.979 GC heap before
{Heap before GC invocations=15 (full 0):
 garbage-first heap   total 81920K, used 66187K [0x000000060e000000, 0x0000000800000000)
  region size 4096K, 10 young (40960K), 2 survivors (8192K)
 Metaspace       used 80527K, committed 81280K, reserved 1179648K
  class space    used 10518K, committed 10880K, reserved 1048576K
}
Event: 193.980 GC heap after
{Heap after GC invocations=16 (full 0):
 garbage-first heap   total 81920K, used 34110K [0x000000060e000000, 0x0000000800000000)
  region size 4096K, 1 young (4096K), 1 survivors (4096K)
 Metaspace       used 80527K, committed 81280K, reserved 1179648K
  class space    used 10518K, committed 10880K, reserved 1048576K
}
Event: 207.641 GC heap before
{Heap before GC invocations=16 (full 0):
 garbage-first heap   total 81920K, used 70974K [0x000000060e000000, 0x0000000800000000)
  region size 4096K, 10 young (40960K), 1 survivors (4096K)
 Metaspace       used 81273K, committed 82048K, reserved 1179648K
  class space    used 10518K, committed 10880K, reserved 1048576K
}
Event: 207.642 GC heap after
{Heap after GC invocations=17 (full 0):
 garbage-first heap   total 81920K, used 33674K [0x000000060e000000, 0x0000000800000000)
  region size 4096K, 1 young (4096K), 1 survivors (4096K)
 Metaspace       used 81273K, committed 82048K, reserved 1179648K
  class space    used 10518K, committed 10880K, reserved 1048576K
}
Event: 220.797 GC heap before
{Heap before GC invocations=17 (full 0):
 garbage-first heap   total 81920K, used 70538K [0x000000060e000000, 0x0000000800000000)
  region size 4096K, 10 young (40960K), 1 survivors (4096K)
 Metaspace       used 81326K, committed 82048K, reserved 1179648K
  class space    used 10519K, committed 10880K, reserved 1048576K
}
Event: 220.798 GC heap after
{Heap after GC invocations=18 (full 0):
 garbage-first heap   total 81920K, used 33737K [0x000000060e000000, 0x0000000800000000)
  region size 4096K, 1 young (4096K), 1 survivors (4096K)
 Metaspace       used 81326K, committed 82048K, reserved 1179648K
  class space    used 10519K, committed 10880K, reserved 1048576K
}
Event: 234.483 GC heap before
{Heap before GC invocations=18 (full 0):
 garbage-first heap   total 81920K, used 70601K [0x000000060e000000, 0x0000000800000000)
  region size 4096K, 10 young (40960K), 1 survivors (4096K)
 Metaspace       used 81342K, committed 82048K, reserved 1179648K
  class space    used 10520K, committed 10880K, reserved 1048576K
}
Event: 234.484 GC heap after
{Heap after GC invocations=19 (full 0):
 garbage-first heap   total 81920K, used 33678K [0x000000060e000000, 0x0000000800000000)
  region size 4096K, 1 young (4096K), 1 survivors (4096K)
 Metaspace       used 81342K, committed 82048K, reserved 1179648K
  class space    used 10520K, committed 10880K, reserved 1048576K
}
Event: 248.162 GC heap before
{Heap before GC invocations=19 (full 0):
 garbage-first heap   total 81920K, used 70542K [0x000000060e000000, 0x0000000800000000)
  region size 4096K, 10 young (40960K), 1 survivors (4096K)
 Metaspace       used 81342K, committed 82048K, reserved 1179648K
  class space    used 10520K, committed 10880K, reserved 1048576K
}
Event: 248.163 GC heap after
{Heap after GC invocations=20 (full 0):
 garbage-first heap   total 81920K, used 33700K [0x000000060e000000, 0x0000000800000000)
  region size 4096K, 1 young (4096K), 1 survivors (4096K)
 Metaspace       used 81342K, committed 82048K, reserved 1179648K
  class space    used 10520K, committed 10880K, reserved 1048576K
}
Event: 261.834 GC heap before
{Heap before GC invocations=20 (full 0):
 garbage-first heap   total 81920K, used 70564K [0x000000060e000000, 0x0000000800000000)
  region size 4096K, 10 young (40960K), 1 survivors (4096K)
 Metaspace       used 81342K, committed 82048K, reserved 1179648K
  class space    used 10520K, committed 10880K, reserved 1048576K
}
Event: 261.835 GC heap after
{Heap after GC invocations=21 (full 0):
 garbage-first heap   total 81920K, used 33716K [0x000000060e000000, 0x0000000800000000)
  region size 4096K, 1 young (4096K), 1 survivors (4096K)
 Metaspace       used 81342K, committed 82048K, reserved 1179648K
  class space    used 10520K, committed 10880K, reserved 1048576K
}
Event: 275.458 GC heap before
{Heap before GC invocations=21 (full 0):
 garbage-first heap   total 81920K, used 70580K [0x000000060e000000, 0x0000000800000000)
  region size 4096K, 10 young (40960K), 1 survivors (4096K)
 Metaspace       used 81348K, committed 82112K, reserved 1179648K
  class space    used 10520K, committed 10880K, reserved 1048576K
}
Event: 275.459 GC heap after
{Heap after GC invocations=22 (full 0):
 garbage-first heap   total 81920K, used 33724K [0x000000060e000000, 0x0000000800000000)
  region size 4096K, 1 young (4096K), 1 survivors (4096K)
 Metaspace       used 81348K, committed 82112K, reserved 1179648K
  class space    used 10520K, committed 10880K, reserved 1048576K
}
Event: 289.571 GC heap before
{Heap before GC invocations=22 (full 0):
 garbage-first heap   total 81920K, used 70588K [0x000000060e000000, 0x0000000800000000)
  region size 4096K, 10 young (40960K), 1 survivors (4096K)
 Metaspace       used 81353K, committed 82112K, reserved 1179648K
  class space    used 10520K, committed 10880K, reserved 1048576K
}
Event: 289.572 GC heap after
{Heap after GC invocations=23 (full 0):
 garbage-first heap   total 81920K, used 33790K [0x000000060e000000, 0x0000000800000000)
  region size 4096K, 1 young (4096K), 1 survivors (4096K)
 Metaspace       used 81353K, committed 82112K, reserved 1179648K
  class space    used 10520K, committed 10880K, reserved 1048576K
}

