# JRE version: Java(TM) SE Runtime Environment (21.0.7+8) (build 21.0.7+8-LTS-245)
# Java VM: Java HotSpot(TM) 64-Bit Server VM (21.0.7+8-LTS-245, mixed mode, sharing, tiered, compressed oops, compressed class ptrs, g1 gc, windows-amd64)
GC Precious Log:
 CardTable entry size: 512
 Card Set container configuration: InlinePtr #cards 4 size 8 Array Of Cards #cards 32 size 80 Howl #buckets 8 coarsen threshold 7372 Howl Bitmap #cards 1024 size 144 coarsen threshold 921 Card regions per heap region 1 cards per card region 8192
 CPUs: 16 total, 16 available
 Memory: 31861M
 Large Page Support: Disabled
 NUMA Support: Disabled
 Compressed Oops: Enabled (Zero based)
 Heap Region Size: 4M
 Heap Min Capacity: 8M
 Heap Initial Capacity: 500M
 Heap Max Capacity: 7968M
 Pre-touch: Disabled
 Parallel Workers: 13
 Concurrent Workers: 3
 Concurrent Refinement Workers: 13
 Periodic GC: Disabled
Heap:
 garbage-first heap   total 122880K, used 47152K [0x000000060e000000, 0x0000000800000000)
  region size 4096K, 2 young (8192K), 2 survivors (8192K)
 Metaspace       used 97325K, committed 99264K, reserved 1179648K
  class space    used 10976K, committed 11904K, reserved 1048576K
GC Heap History (20 events):
Event: 4963.231 GC heap after
{Heap after GC invocations=111 (full 62):
 garbage-first heap   total 122880K, used 39558K [0x000000060e000000, 0x0000000800000000)
  region size 4096K, 0 young (0K), 0 survivors (0K)
 Metaspace       used 92610K, committed 94528K, reserved 1179648K
  class space    used 10579K, committed 11520K, reserved 1048576K
}
Event: 4965.902 GC heap before
{Heap before GC invocations=111 (full 62):
 garbage-first heap   total 122880K, used 96902K [0x000000060e000000, 0x0000000800000000)
  region size 4096K, 16 young (65536K), 0 survivors (0K)
 Metaspace       used 92928K, committed 94848K, reserved 1179648K
  class space    used 10602K, committed 11520K, reserved 1048576K
}
Event: 4965.950 GC heap after
{Heap after GC invocations=112 (full 63):
 garbage-first heap   total 122880K, used 39792K [0x000000060e000000, 0x0000000800000000)
  region size 4096K, 0 young (0K), 0 survivors (0K)
 Metaspace       used 92925K, committed 94848K, reserved 1179648K
  class space    used 10601K, committed 11520K, reserved 1048576K
}
Event: 4973.689 GC heap before
{Heap before GC invocations=112 (full 63):
 garbage-first heap   total 122880K, used 97136K [0x000000060e000000, 0x0000000800000000)
  region size 4096K, 16 young (65536K), 0 survivors (0K)
 Metaspace       used 93289K, committed 95232K, reserved 1179648K
  class space    used 10626K, committed 11584K, reserved 1048576K
}
Event: 4973.743 GC heap after
{Heap after GC invocations=113 (full 64):
 garbage-first heap   total 122880K, used 40003K [0x000000060e000000, 0x0000000800000000)
  region size 4096K, 0 young (0K), 0 survivors (0K)
 Metaspace       used 93286K, committed 95232K, reserved 1179648K
  class space    used 10626K, committed 11584K, reserved 1048576K
}
Event: 4975.367 GC heap before
{Heap before GC invocations=113 (full 64):
 garbage-first heap   total 122880K, used 97347K [0x000000060e000000, 0x0000000800000000)
  region size 4096K, 16 young (65536K), 0 survivors (0K)
 Metaspace       used 93580K, committed 95552K, reserved 1179648K
  class space    used 10650K, committed 11584K, reserved 1048576K
}
Event: 4975.412 GC heap after
{Heap after GC invocations=114 (full 65):
 garbage-first heap   total 122880K, used 40228K [0x000000060e000000, 0x0000000800000000)
  region size 4096K, 0 young (0K), 0 survivors (0K)
 Metaspace       used 93577K, committed 95552K, reserved 1179648K
  class space    used 10649K, committed 11584K, reserved 1048576K
}
Event: 5044.749 GC heap before
{Heap before GC invocations=114 (full 65):
 garbage-first heap   total 122880K, used 109860K [0x000000060e000000, 0x0000000800000000)
  region size 4096K, 17 young (69632K), 0 survivors (0K)
 Metaspace       used 93864K, committed 95808K, reserved 1179648K
  class space    used 10671K, committed 11584K, reserved 1048576K
}
Event: 5044.750 GC heap after
{Heap after GC invocations=115 (full 65):
 garbage-first heap   total 122880K, used 45640K [0x000000060e000000, 0x0000000800000000)
  region size 4096K, 2 young (8192K), 2 survivors (8192K)
 Metaspace       used 93864K, committed 95808K, reserved 1179648K
  class space    used 10671K, committed 11584K, reserved 1048576K
}
Event: 5347.588 GC heap before
{Heap before GC invocations=115 (full 65):
 garbage-first heap   total 122880K, used 82504K [0x000000060e000000, 0x0000000800000000)
  region size 4096K, 13 young (53248K), 2 survivors (8192K)
 Metaspace       used 96139K, committed 98112K, reserved 1179648K
  class space    used 10887K, committed 11840K, reserved 1048576K
}
Event: 5347.636 GC heap after
{Heap after GC invocations=116 (full 66):
 garbage-first heap   total 122880K, used 41077K [0x000000060e000000, 0x0000000800000000)
  region size 4096K, 0 young (0K), 0 survivors (0K)
 Metaspace       used 96136K, committed 98112K, reserved 1179648K
  class space    used 10886K, committed 11840K, reserved 1048576K
}
Event: 5349.331 GC heap before
{Heap before GC invocations=116 (full 66):
 garbage-first heap   total 122880K, used 98421K [0x000000060e000000, 0x0000000800000000)
  region size 4096K, 16 young (65536K), 0 survivors (0K)
 Metaspace       used 96438K, committed 98368K, reserved 1179648K
  class space    used 10909K, committed 11840K, reserved 1048576K
}
Event: 5349.382 GC heap after
{Heap after GC invocations=117 (full 67):
 garbage-first heap   total 122880K, used 41284K [0x000000060e000000, 0x0000000800000000)
  region size 4096K, 0 young (0K), 0 survivors (0K)
 Metaspace       used 96435K, committed 98368K, reserved 1179648K
  class space    used 10909K, committed 11840K, reserved 1048576K
}
Event: 5356.132 GC heap before
{Heap before GC invocations=117 (full 67):
 garbage-first heap   total 122880K, used 98628K [0x000000060e000000, 0x0000000800000000)
  region size 4096K, 16 young (65536K), 0 survivors (0K)
 Metaspace       used 96749K, committed 98752K, reserved 1179648K
  class space    used 10932K, committed 11904K, reserved 1048576K
}
Event: 5356.185 GC heap after
{Heap after GC invocations=118 (full 68):
 garbage-first heap   total 122880K, used 41498K [0x000000060e000000, 0x0000000800000000)
  region size 4096K, 0 young (0K), 0 survivors (0K)
 Metaspace       used 96747K, committed 98752K, reserved 1179648K
  class space    used 10931K, committed 11904K, reserved 1048576K
}
Event: 5356.421 GC heap before
{Heap before GC invocations=118 (full 68):
 garbage-first heap   total 122880K, used 98842K [0x000000060e000000, 0x0000000800000000)
  region size 4096K, 15 young (61440K), 0 survivors (0K)
 Metaspace       used 97037K, committed 99008K, reserved 1179648K
  class space    used 10954K, committed 11904K, reserved 1048576K
}
Event: 5356.423 GC heap after
{Heap after GC invocations=119 (full 68):
 garbage-first heap   total 122880K, used 47150K [0x000000060e000000, 0x0000000800000000)
  region size 4096K, 2 young (8192K), 2 survivors (8192K)
 Metaspace       used 97037K, committed 99008K, reserved 1179648K
  class space    used 10954K, committed 11904K, reserved 1048576K
}
Event: 5357.867 GC heap before
{Heap before GC invocations=119 (full 68):
 garbage-first heap   total 122880K, used 47150K [0x000000060e000000, 0x0000000800000000)
  region size 4096K, 3 young (12288K), 2 survivors (8192K)
 Metaspace       used 97040K, committed 99008K, reserved 1179648K
  class space    used 10954K, committed 11904K, reserved 1048576K
}
Event: 5357.916 GC heap after
{Heap after GC invocations=120 (full 69):
 garbage-first heap   total 122880K, used 41714K [0x000000060e000000, 0x0000000800000000)
  region size 4096K, 0 young (0K), 0 survivors (0K)
 Metaspace       used 97037K, committed 99008K, reserved 1179648K
  class space    used 10954K, committed 11904K, reserved 1048576K
}
Event: 5364.744 GC heap before
{Heap before GC invocations=120 (full 69):
 garbage-first heap   total 122880K, used 99058K [0x000000060e000000, 0x0000000800000000)
  region size 4096K, 15 young (61440K), 0 survivors (0K)
 Metaspace       used 97325K, committed 99264K, reserved 1179648K
  class space    used 10976K, committed 11904K, reserved 1048576K
}

